0 info it worked if it ends with ok
1 verbose cli [ '/usr/local/bin/node',
1 verbose cli   '/usr/local/bin/npm',
1 verbose cli   'install',
1 verbose cli   'spinkit',
1 verbose cli   '--save' ]
2 info using npm@2.15.5
3 info using node@v4.4.5
4 verbose install initial load of /Users/anyati/Documents/MIT/2 - Sophomore Year/Tekuma/art-onboarding/package.json
5 verbose installManyTop reading scoped package data from /Users/anyati/Documents/MIT/2 - Sophomore Year/Tekuma/art-onboarding/node_modules/alt/package.json
6 verbose installManyTop reading scoped package data from /Users/anyati/Documents/MIT/2 - Sophomore Year/Tekuma/art-onboarding/node_modules/alt-utils/package.json
7 verbose installManyTop reading scoped package data from /Users/anyati/Documents/MIT/2 - Sophomore Year/Tekuma/art-onboarding/node_modules/assets/package.json
8 verbose installManyTop reading scoped package data from /Users/anyati/Documents/MIT/2 - Sophomore Year/Tekuma/art-onboarding/node_modules/babel-core/package.json
9 verbose installManyTop reading scoped package data from /Users/anyati/Documents/MIT/2 - Sophomore Year/Tekuma/art-onboarding/node_modules/babel-loader/package.json
10 verbose installManyTop reading scoped package data from /Users/anyati/Documents/MIT/2 - Sophomore Year/Tekuma/art-onboarding/node_modules/babel-preset-es2015/package.json
11 verbose installManyTop reading scoped package data from /Users/anyati/Documents/MIT/2 - Sophomore Year/Tekuma/art-onboarding/node_modules/babel-preset-react/package.json
12 verbose installManyTop reading scoped package data from /Users/anyati/Documents/MIT/2 - Sophomore Year/Tekuma/art-onboarding/node_modules/babel-preset-react-hmre/package.json
13 verbose installManyTop reading scoped package data from /Users/anyati/Documents/MIT/2 - Sophomore Year/Tekuma/art-onboarding/node_modules/babel-preset-survivejs-kanban/package.json
14 verbose installManyTop reading scoped package data from /Users/anyati/Documents/MIT/2 - Sophomore Year/Tekuma/art-onboarding/node_modules/css-loader/package.json
15 verbose installManyTop reading scoped package data from /Users/anyati/Documents/MIT/2 - Sophomore Year/Tekuma/art-onboarding/node_modules/file-loader/package.json
16 verbose installManyTop reading scoped package data from /Users/anyati/Documents/MIT/2 - Sophomore Year/Tekuma/art-onboarding/node_modules/file-saver/package.json
17 verbose installManyTop reading scoped package data from /Users/anyati/Documents/MIT/2 - Sophomore Year/Tekuma/art-onboarding/node_modules/firebase/package.json
18 verbose installManyTop reading scoped package data from /Users/anyati/Documents/MIT/2 - Sophomore Year/Tekuma/art-onboarding/node_modules/imports-loader/package.json
19 verbose installManyTop reading scoped package data from /Users/anyati/Documents/MIT/2 - Sophomore Year/Tekuma/art-onboarding/node_modules/material-ui/package.json
20 verbose installManyTop reading scoped package data from /Users/anyati/Documents/MIT/2 - Sophomore Year/Tekuma/art-onboarding/node_modules/node-uuid/package.json
21 verbose installManyTop reading scoped package data from /Users/anyati/Documents/MIT/2 - Sophomore Year/Tekuma/art-onboarding/node_modules/npm-install-webpack-plugin/package.json
22 verbose installManyTop reading scoped package data from /Users/anyati/Documents/MIT/2 - Sophomore Year/Tekuma/art-onboarding/node_modules/raw-loader/package.json
23 verbose installManyTop reading scoped package data from /Users/anyati/Documents/MIT/2 - Sophomore Year/Tekuma/art-onboarding/node_modules/react/package.json
24 verbose installManyTop reading scoped package data from /Users/anyati/Documents/MIT/2 - Sophomore Year/Tekuma/art-onboarding/node_modules/react-addons-update/package.json
25 verbose installManyTop reading scoped package data from /Users/anyati/Documents/MIT/2 - Sophomore Year/Tekuma/art-onboarding/node_modules/react-bootstrap/package.json
26 verbose installManyTop reading scoped package data from /Users/anyati/Documents/MIT/2 - Sophomore Year/Tekuma/art-onboarding/node_modules/react-bootstrap-confirm/package.json
27 verbose installManyTop reading scoped package data from /Users/anyati/Documents/MIT/2 - Sophomore Year/Tekuma/art-onboarding/node_modules/react-confirm/package.json
28 verbose installManyTop reading scoped package data from /Users/anyati/Documents/MIT/2 - Sophomore Year/Tekuma/art-onboarding/node_modules/react-dnd/package.json
29 verbose installManyTop reading scoped package data from /Users/anyati/Documents/MIT/2 - Sophomore Year/Tekuma/art-onboarding/node_modules/react-dnd-html5-backend/package.json
30 verbose installManyTop reading scoped package data from /Users/anyati/Documents/MIT/2 - Sophomore Year/Tekuma/art-onboarding/node_modules/react-dom/package.json
31 verbose installManyTop reading scoped package data from /Users/anyati/Documents/MIT/2 - Sophomore Year/Tekuma/art-onboarding/node_modules/react-dropzone/package.json
32 verbose installManyTop reading scoped package data from /Users/anyati/Documents/MIT/2 - Sophomore Year/Tekuma/art-onboarding/node_modules/react-mixin/package.json
33 verbose installManyTop reading scoped package data from /Users/anyati/Documents/MIT/2 - Sophomore Year/Tekuma/art-onboarding/node_modules/react-router/package.json
34 verbose installManyTop reading scoped package data from /Users/anyati/Documents/MIT/2 - Sophomore Year/Tekuma/art-onboarding/node_modules/react-tap-event-plugin/package.json
35 verbose installManyTop reading scoped package data from /Users/anyati/Documents/MIT/2 - Sophomore Year/Tekuma/art-onboarding/node_modules/reactfire/package.json
36 verbose installManyTop reading scoped package data from /Users/anyati/Documents/MIT/2 - Sophomore Year/Tekuma/art-onboarding/node_modules/spinkit/package.json
37 verbose installManyTop reading scoped package data from /Users/anyati/Documents/MIT/2 - Sophomore Year/Tekuma/art-onboarding/node_modules/style-loader/package.json
38 verbose installManyTop reading scoped package data from /Users/anyati/Documents/MIT/2 - Sophomore Year/Tekuma/art-onboarding/node_modules/url-loader/package.json
39 verbose installManyTop reading scoped package data from /Users/anyati/Documents/MIT/2 - Sophomore Year/Tekuma/art-onboarding/node_modules/webpack/package.json
40 verbose installManyTop reading scoped package data from /Users/anyati/Documents/MIT/2 - Sophomore Year/Tekuma/art-onboarding/node_modules/webpack-dev-server/package.json
41 verbose installManyTop reading scoped package data from /Users/anyati/Documents/MIT/2 - Sophomore Year/Tekuma/art-onboarding/node_modules/webpack-merge/package.json
42 info package.json alt-utils@1.0.0 No repository field.
43 info package.json assets@2.1.0 No license field.
44 info package.json node-uuid@1.4.7 No license field.
45 info package.json raw-loader@0.5.1 No license field.
46 info package.json react-tap-event-plugin@1.0.0 No license field.
47 info package.json react-router@2.5.2 No README data
48 info package.json firebase@3.1.0 No license field.
49 verbose readDependencies loading dependencies from /Users/anyati/Documents/MIT/2 - Sophomore Year/Tekuma/art-onboarding/package.json
50 verbose install spinkit is installed as 1.2.5
51 silly cache add args [ 'spinkit', null ]
52 verbose cache add spec spinkit
53 silly cache add parsed spec Result {
53 silly cache add   raw: 'spinkit',
53 silly cache add   scope: null,
53 silly cache add   name: 'spinkit',
53 silly cache add   rawSpec: '',
53 silly cache add   spec: 'latest',
53 silly cache add   type: 'tag' }
54 silly addNamed spinkit@latest
55 verbose addNamed "latest" is being treated as a dist-tag for spinkit
56 info addNameTag [ 'spinkit', 'latest' ]
57 silly mapToRegistry name spinkit
58 silly mapToRegistry using default registry
59 silly mapToRegistry registry https://registry.npmjs.org/
60 silly mapToRegistry data Result {
60 silly mapToRegistry   raw: 'spinkit',
60 silly mapToRegistry   scope: null,
60 silly mapToRegistry   name: 'spinkit',
60 silly mapToRegistry   rawSpec: '',
60 silly mapToRegistry   spec: 'latest',
60 silly mapToRegistry   type: 'tag' }
61 silly mapToRegistry uri https://registry.npmjs.org/spinkit
62 verbose addNameTag registry:https://registry.npmjs.org/spinkit not in flight; fetching
63 verbose get https://registry.npmjs.org/spinkit not expired, no request
64 silly addNameTag next cb for spinkit with tag latest
65 silly addNamed spinkit@1.2.5
66 verbose addNamed "1.2.5" is a plain semver version for spinkit
67 silly cache afterAdd spinkit@1.2.5
68 verbose afterAdd /Users/anyati/.npm/spinkit/1.2.5/package/package.json not in flight; writing
69 verbose correctMkdir /Users/anyati/.npm correctMkdir not in flight; initializing
70 verbose afterAdd /Users/anyati/.npm/spinkit/1.2.5/package/package.json written
71 silly install resolved [ { name: 'spinkit',
71 silly install resolved     version: '1.2.5',
71 silly install resolved     description: 'A collection of loading indicators animated with CSS',
71 silly install resolved     keywords: [ 'css', 'spinkit', 'spinner', 'loading', 'ui' ],
71 silly install resolved     main: 'gulpfile.js',
71 silly install resolved     scripts: { test: 'echo "Error: no test specified" && exit 1' },
71 silly install resolved     repository:
71 silly install resolved      { type: 'git',
71 silly install resolved        url: 'git+https://github.com/tobiasahlin/SpinKit.git' },
71 silly install resolved     author: { name: 'Tobias Ahlin' },
71 silly install resolved     license: 'MIT',
71 silly install resolved     bugs: { url: 'https://github.com/tobiasahlin/SpinKit/issues' },
71 silly install resolved     homepage: 'https://github.com/tobiasahlin/SpinKit',
71 silly install resolved     devDependencies:
71 silly install resolved      { del: '^1.2.0',
71 silly install resolved        gulp: '^3.9.0',
71 silly install resolved        'gulp-autoprefixer': '^2.3.1',
71 silly install resolved        'gulp-sass': '^2.0.3',
71 silly install resolved        lodash: '^3.10.0',
71 silly install resolved        q: '^1.4.1' },
71 silly install resolved     gitHead: '384fbc3f654f7ef7349134e116f9b6d0a4d7d852',
71 silly install resolved     _id: 'spinkit@1.2.5',
71 silly install resolved     _shasum: '90f9f466a20e8e39ef24da959c1e611c2a30dd54',
71 silly install resolved     _from: 'spinkit@latest',
71 silly install resolved     _npmVersion: '1.4.28',
71 silly install resolved     _npmUser: { name: 'tobiasahlin', email: 'hello@tobiasahlin.com' },
71 silly install resolved     maintainers: [ [Object], [Object] ],
71 silly install resolved     dist:
71 silly install resolved      { shasum: '90f9f466a20e8e39ef24da959c1e611c2a30dd54',
71 silly install resolved        tarball: 'https://registry.npmjs.org/spinkit/-/spinkit-1.2.5.tgz' },
71 silly install resolved     directories: {},
71 silly install resolved     _resolved: 'https://registry.npmjs.org/spinkit/-/spinkit-1.2.5.tgz',
71 silly install resolved     readme: 'ERROR: No README data found!' } ]
72 info install spinkit@1.2.5 into /Users/anyati/Documents/MIT/2 - Sophomore Year/Tekuma/art-onboarding
73 info installOne spinkit@1.2.5
74 verbose installOne of spinkit to /Users/anyati/Documents/MIT/2 - Sophomore Year/Tekuma/art-onboarding not in flight; installing
75 verbose correctMkdir /Users/anyati/.npm/_locks correctMkdir not in flight; initializing
76 verbose lock using /Users/anyati/.npm/_locks/spinkit-02b1ed40d7dff110.lock for /Users/anyati/Documents/MIT/2 - Sophomore Year/Tekuma/art-onboarding/node_modules/spinkit
77 silly install write writing spinkit 1.2.5 to /Users/anyati/Documents/MIT/2 - Sophomore Year/Tekuma/art-onboarding/node_modules/spinkit
78 verbose unbuild node_modules/spinkit
79 info preuninstall spinkit@1.2.5
80 info uninstall spinkit@1.2.5
81 verbose unbuild rmStuff spinkit@1.2.5 from /Users/anyati/Documents/MIT/2 - Sophomore Year/Tekuma/art-onboarding/node_modules
82 info postuninstall spinkit@1.2.5
83 silly gentlyRm /Users/anyati/Documents/MIT/2 - Sophomore Year/Tekuma/art-onboarding/node_modules/spinkit is being purged from base /Users/anyati/Documents/MIT/2 - Sophomore Year/Tekuma/art-onboarding
84 verbose gentlyRm don't care about contents; nuking /Users/anyati/Documents/MIT/2 - Sophomore Year/Tekuma/art-onboarding/node_modules/spinkit
85 silly vacuum-fs purging /Users/anyati/Documents/MIT/2 - Sophomore Year/Tekuma/art-onboarding/node_modules/spinkit
86 silly vacuum-fs quitting because other entries in /Users/anyati/Documents/MIT/2 - Sophomore Year/Tekuma/art-onboarding/node_modules
87 verbose tar unpack /Users/anyati/.npm/spinkit/1.2.5/package.tgz
88 verbose tar unpacking to /Users/anyati/Documents/MIT/2 - Sophomore Year/Tekuma/art-onboarding/node_modules/spinkit
89 silly gentlyRm /Users/anyati/Documents/MIT/2 - Sophomore Year/Tekuma/art-onboarding/node_modules/spinkit is being purged
90 verbose gentlyRm don't care about contents; nuking /Users/anyati/Documents/MIT/2 - Sophomore Year/Tekuma/art-onboarding/node_modules/spinkit
91 silly gunzTarPerm modes [ '755', '644' ]
92 silly gunzTarPerm extractEntry package.json
93 silly gunzTarPerm extractEntry .npmignore
94 silly gunzTarPerm extractEntry README.md
95 silly gunzTarPerm extractEntry LICENSE
96 silly gunzTarPerm extractEntry gulpfile.js
97 silly gunzTarPerm extractEntry CHANGELOG.md
98 silly gunzTarPerm extractEntry CONTRIBUTING.md
99 silly gunzTarPerm extractEntry .editorconfig
100 silly gunzTarPerm extractEntry bower.json
101 silly gunzTarPerm extractEntry css/spinkit.css
102 silly gunzTarPerm extractEntry css/spinners/4-wandering-cubes.css
103 silly gunzTarPerm extractEntry css/spinners/1-rotating-plane.css
104 silly gunzTarPerm extractEntry css/spinners/11-folding-cube.css
105 silly gunzTarPerm extractEntry css/spinners/2-double-bounce.css
106 silly gunzTarPerm extractEntry css/spinners/3-wave.css
107 silly gunzTarPerm extractEntry css/spinners/10-fading-circle.css
108 silly gunzTarPerm extractEntry css/spinners/5-pulse.css
109 silly gunzTarPerm extractEntry css/spinners/6-chasing-dots.css
110 silly gunzTarPerm extractEntry css/spinners/7-three-bounce.css
111 silly gunzTarPerm extractEntry css/spinners/8-circle.css
112 silly gunzTarPerm extractEntry css/spinners/9-cube-grid.css
113 silly gunzTarPerm extractEntry examples/4-wandering-cubes.html
114 silly gunzTarPerm extractEntry examples/1-rotating-plane.html
115 silly gunzTarPerm extractEntry examples/11-folding-cube.html
116 silly gunzTarPerm extractEntry examples/2-double-bounce.html
117 silly gunzTarPerm extractEntry examples/3-wave.html
118 silly gunzTarPerm extractEntry examples/10-fading-circle.html
119 silly gunzTarPerm extractEntry examples/5-pulse.html
120 silly gunzTarPerm extractEntry examples/6-chasing-dots.html
121 silly gunzTarPerm extractEntry examples/7-three-bounce.html
122 silly gunzTarPerm extractEntry examples/8-circle.html
123 silly gunzTarPerm extractEntry examples/9-cube-grid.html
124 silly gunzTarPerm extractEntry .jshintrc
125 silly gunzTarPerm extractEntry scss/_variables.scss
126 silly gunzTarPerm extractEntry scss/spinkit.scss
127 silly gunzTarPerm extractEntry scss/spinners/4-wandering-cubes.scss
128 silly gunzTarPerm extractEntry scss/spinners/1-rotating-plane.scss
129 silly gunzTarPerm extractEntry scss/spinners/11-folding-cube.scss
130 silly gunzTarPerm extractEntry scss/spinners/2-double-bounce.scss
131 silly gunzTarPerm extractEntry scss/spinners/3-wave.scss
132 silly gunzTarPerm extractEntry scss/spinners/10-fading-circle.scss
133 silly gunzTarPerm extractEntry scss/spinners/5-pulse.scss
134 silly gunzTarPerm extractEntry scss/spinners/6-chasing-dots.scss
135 silly gunzTarPerm extractEntry scss/spinners/7-three-bounce.scss
136 silly gunzTarPerm extractEntry scss/spinners/8-circle.scss
137 silly gunzTarPerm extractEntry scss/spinners/9-cube-grid.scss
138 verbose write writing to /Users/anyati/Documents/MIT/2 - Sophomore Year/Tekuma/art-onboarding/node_modules/spinkit/package.json
139 info preinstall spinkit@1.2.5
140 verbose readDependencies loading dependencies from /Users/anyati/Documents/MIT/2 - Sophomore Year/Tekuma/art-onboarding/node_modules/spinkit/package.json
141 verbose readDependencies loading dependencies from /Users/anyati/Documents/MIT/2 - Sophomore Year/Tekuma/art-onboarding/node_modules/spinkit/package.json
142 silly install resolved []
143 verbose about to build /Users/anyati/Documents/MIT/2 - Sophomore Year/Tekuma/art-onboarding/node_modules/spinkit
144 info build /Users/anyati/Documents/MIT/2 - Sophomore Year/Tekuma/art-onboarding/node_modules/spinkit
145 info linkStuff spinkit@1.2.5
146 silly linkStuff spinkit@1.2.5 has /Users/anyati/Documents/MIT/2 - Sophomore Year/Tekuma/art-onboarding/node_modules as its parent node_modules
147 verbose linkBins spinkit@1.2.5
148 verbose linkMans spinkit@1.2.5
149 verbose rebuildBundles spinkit@1.2.5
150 info install spinkit@1.2.5
151 info postinstall spinkit@1.2.5
152 verbose unlock done using /Users/anyati/.npm/_locks/spinkit-02b1ed40d7dff110.lock for /Users/anyati/Documents/MIT/2 - Sophomore Year/Tekuma/art-onboarding/node_modules/spinkit
153 verbose validateInstall loading /Users/anyati/Documents/MIT/2 - Sophomore Year/Tekuma/art-onboarding/package.json for validation
154 verbose stack Error: The package react-dom@15.2.0 does not satisfy its siblings' peerDependencies requirements!
154 verbose stack     at /usr/local/lib/node_modules/npm/lib/install.js:125:32
154 verbose stack     at /usr/local/lib/node_modules/npm/lib/install.js:268:7
154 verbose stack     at /usr/local/lib/node_modules/npm/node_modules/read-installed/read-installed.js:142:5
154 verbose stack     at /usr/local/lib/node_modules/npm/node_modules/read-installed/read-installed.js:263:14
154 verbose stack     at cb (/usr/local/lib/node_modules/npm/node_modules/slide/lib/async-map.js:47:24)
154 verbose stack     at /usr/local/lib/node_modules/npm/node_modules/read-installed/read-installed.js:263:14
154 verbose stack     at cb (/usr/local/lib/node_modules/npm/node_modules/slide/lib/async-map.js:47:24)
154 verbose stack     at /usr/local/lib/node_modules/npm/node_modules/read-installed/read-installed.js:263:14
154 verbose stack     at cb (/usr/local/lib/node_modules/npm/node_modules/slide/lib/async-map.js:47:24)
154 verbose stack     at /usr/local/lib/node_modules/npm/node_modules/read-installed/read-installed.js:263:14
155 verbose cwd /Users/anyati/Documents/MIT/2 - Sophomore Year/Tekuma/art-onboarding
156 error Darwin 15.3.0
157 error argv "/usr/local/bin/node" "/usr/local/bin/npm" "install" "spinkit" "--save"
158 error node v4.4.5
159 error npm  v2.15.5
160 error code EPEERINVALID
161 error peerinvalid The package react-dom@15.2.0 does not satisfy its siblings' peerDependencies requirements!
161 error peerinvalid Peer material-ui@0.15.1 wants react-dom@^15.0.0
161 error peerinvalid Peer react-confirm@0.1.13 wants react-dom@^0.14.7
161 error peerinvalid Peer react-bootstrap@0.29.5 wants react-dom@>=0.14.0
162 verbose exit [ 1, true ]
